Base path: D:/downloads/Editor/Data
Cmd: initializeCompiler
Cmd: preprocess
  insize=1295 outsize=263 ok=1
Cmd: preprocess
  insize=764 outsize=118 ok=1
Cmd: preprocess
  insize=1608 outsize=172 ok=1
Cmd: preprocess
  insize=2483 outsize=916 ok=1
Cmd: preprocess
  insize=2289 outsize=383 ok=1
Cmd: compileSnippet
  api=4 type=0 insize=2344 outsize=1354 kw= pd=UNITY_ENABLE_REFLECTION_BUFFERS UNITY_USE_DITHER_MASK_FOR_ALPHABLENDED_SHADOWS UNITY_PBS_USE_BRDF1 UNITY_SPECCUBE_BOX_PROJECTION UNITY_SPECCUBE_BLENDING UNITY_ENABLE_DETAIL_NORMALMAP SHADER_API_DESKTOP UNITY_COLORSPACE_GAMMA UNITY_LIGHT_PROBE_PROXY_VOLUME UNITY_LIGHTMAP_FULL_HDR ok=1
Cmd: compileSnippet
  api=4 type=1 insize=2344 outsize=410 kw= pd=UNITY_ENABLE_REFLECTION_BUFFERS UNITY_USE_DITHER_MASK_FOR_ALPHABLENDED_SHADOWS UNITY_PBS_USE_BRDF1 UNITY_SPECCUBE_BOX_PROJECTION UNITY_SPECCUBE_BLENDING UNITY_ENABLE_DETAIL_NORMALMAP SHADER_API_DESKTOP UNITY_COLORSPACE_GAMMA UNITY_LIGHT_PROBE_PROXY_VOLUME UNITY_LIGHTMAP_FULL_HDR ok=1
Cmd: preprocess
  insize=940 outsize=218 ok=1
Cmd: preprocess
  insize=1369 outsize=285 ok=1
Cmd: preprocess
  insize=1928 outsize=538 ok=1
Cmd: preprocess
  insize=2827 outsize=1382 ok=1
Cmd: preprocess
  insize=2434 outsize=249 ok=1
Cmd: preprocess
  insize=1161 outsize=298 ok=1
Cmd: initializeCompiler
Cmd: initializeCompiler
Cmd: initializeCompiler
Cmd: initializeCompiler
Cmd: initializeCompiler
Cmd: initializeCompiler
Cmd: initializeCompiler
Cmd: initializeCompiler
Cmd: initializeCompiler
Cmd: initializeCompiler
